mode: set
github.com/larwef/cognito/cognito.go:20.49,22.16 2 0
github.com/larwef/cognito/cognito.go:25.2,29.8 1 0
github.com/larwef/cognito/cognito.go:22.16,24.3 1 0
github.com/larwef/cognito/srp.go:31.29,34.55 3 1
github.com/larwef/cognito/srp.go:37.2,37.54 1 1
github.com/larwef/cognito/srp.go:41.2,42.16 2 1
github.com/larwef/cognito/srp.go:46.2,50.15 4 1
github.com/larwef/cognito/srp.go:34.55,36.3 1 0
github.com/larwef/cognito/srp.go:37.54,39.3 1 0
github.com/larwef/cognito/srp.go:42.16,44.3 1 0
github.com/larwef/cognito/srp.go:53.31,55.2 1 1
github.com/larwef/cognito/srp.go:57.135,65.2 7 1
github.com/larwef/cognito/srp.go:67.45,71.2 3 1
github.com/larwef/cognito/srp.go:73.89,85.2 9 1
github.com/larwef/cognito/srp.go:87.54,97.2 8 1
github.com/larwef/cognito/srp.go:99.33,101.27 2 1
github.com/larwef/cognito/srp.go:105.2,105.19 1 1
github.com/larwef/cognito/srp.go:101.27,103.3 1 1
github.com/larwef/cognito/srp.go:109.29,112.24 2 1
github.com/larwef/cognito/srp.go:120.2,122.12 2 1
github.com/larwef/cognito/srp.go:112.24,114.3 1 1
github.com/larwef/cognito/srp.go:114.8,114.66 1 1
github.com/larwef/cognito/srp.go:114.66,116.3 1 1
github.com/larwef/cognito/token.go:28.88,36.2 6 1
github.com/larwef/cognito/token.go:38.48,40.2 1 0
github.com/larwef/cognito/token.go:51.57,53.16 2 0
github.com/larwef/cognito/token.go:57.2,63.16 2 0
github.com/larwef/cognito/token.go:53.16,55.3 1 0
github.com/larwef/cognito/token.go:67.51,68.70 1 1
github.com/larwef/cognito/token.go:72.2,72.31 1 1
github.com/larwef/cognito/token.go:81.2,82.16 2 1
github.com/larwef/cognito/token.go:86.2,86.46 1 1
github.com/larwef/cognito/token.go:68.70,70.3 1 1
github.com/larwef/cognito/token.go:72.31,74.17 2 1
github.com/larwef/cognito/token.go:78.3,78.47 1 1
github.com/larwef/cognito/token.go:74.17,76.4 1 0
github.com/larwef/cognito/token.go:82.16,84.3 1 0
github.com/larwef/cognito/token.go:89.78,91.16 2 1
github.com/larwef/cognito/token.go:95.2,96.16 2 1
github.com/larwef/cognito/token.go:100.2,101.16 2 1
github.com/larwef/cognito/token.go:105.2,105.81 1 1
github.com/larwef/cognito/token.go:121.2,121.39 1 1
github.com/larwef/cognito/token.go:91.16,93.3 1 0
github.com/larwef/cognito/token.go:96.16,98.3 1 0
github.com/larwef/cognito/token.go:101.16,103.3 1 0
github.com/larwef/cognito/token.go:105.81,109.17 3 1
github.com/larwef/cognito/token.go:113.3,114.76 2 1
github.com/larwef/cognito/token.go:118.3,118.39 1 1
github.com/larwef/cognito/token.go:109.17,111.4 1 0
github.com/larwef/cognito/token.go:114.76,116.4 1 0
github.com/larwef/cognito/token.go:124.72,135.2 2 1
github.com/larwef/cognito/token.go:137.141,139.9 2 1
github.com/larwef/cognito/token.go:143.2,144.9 2 1
github.com/larwef/cognito/token.go:148.2,149.16 2 1
github.com/larwef/cognito/token.go:153.2,156.16 3 1
github.com/larwef/cognito/token.go:160.2,171.59 2 1
github.com/larwef/cognito/token.go:139.9,141.3 1 0
github.com/larwef/cognito/token.go:144.9,146.3 1 0
github.com/larwef/cognito/token.go:149.16,151.3 1 0
github.com/larwef/cognito/token.go:156.16,158.3 1 0
github.com/larwef/cognito/token.go:174.165,186.2 2 1
github.com/larwef/cognito/token.go:188.78,197.2 3 1
github.com/larwef/cognito/token.go:199.82,210.2 3 1
github.com/larwef/cognito/transport.go:11.74,13.2 1 0
